\BOOKMARK [0][-]{chapter.1}{Marco Metodol\363gico}{}% 1
\BOOKMARK [1][-]{section.1.1}{Antecedentes}{chapter.1}% 2
\BOOKMARK [1][-]{section.1.2}{Planteamiento del problema}{chapter.1}% 3
\BOOKMARK [1][-]{section.1.3}{Objetivos}{chapter.1}% 4
\BOOKMARK [2][-]{subsection.1.3.1}{Objetivo general}{section.1.3}% 5
\BOOKMARK [2][-]{subsection.1.3.2}{Objetivos espec\355ficos}{section.1.3}% 6
\BOOKMARK [1][-]{section.1.4}{Justificaci\363n}{chapter.1}% 7
\BOOKMARK [1][-]{section.1.5}{Hip\363tesis}{chapter.1}% 8
\BOOKMARK [1][-]{section.1.6}{Alcances y limitaciones}{chapter.1}% 9
\BOOKMARK [0][-]{chapter.2}{Marco Te\363rico}{}% 10
\BOOKMARK [1][-]{section.2.1}{Conceptos y herramientas geogr\341ficas}{chapter.2}% 11
\BOOKMARK [2][-]{subsection.2.1.1}{GPS}{section.2.1}% 12
\BOOKMARK [2][-]{subsection.2.1.2}{Geoposicionamiento y t\351cnicas para dispositivos m\363viles}{section.2.1}% 13
\BOOKMARK [2][-]{subsection.2.1.3}{Sistemas de informaci\363n geogr\341fica}{section.2.1}% 14
\BOOKMARK [1][-]{section.2.2}{Sistemas distribuidos}{chapter.2}% 15
\BOOKMARK [2][-]{subsection.2.2.1}{Definici\363n y elementos}{section.2.2}% 16
\BOOKMARK [2][-]{subsection.2.2.2}{Modelos arquitect\363nicos para sistemas distribuidos}{section.2.2}% 17
\BOOKMARK [1][-]{section.2.3}{Protocolos de comunicaci\363n}{chapter.2}% 18
\BOOKMARK [2][-]{subsection.2.3.1}{IP como protocolo de la capa de red}{section.2.3}% 19
\BOOKMARK [2][-]{subsection.2.3.2}{Protocolos de la capa de transporte}{section.2.3}% 20
\BOOKMARK [2][-]{subsection.2.3.3}{Protocolos de la capa de aplicaci\363n}{section.2.3}% 21
\BOOKMARK [1][-]{section.2.4}{Paradigmas, arquitecturas y patrones de dise\361o de software.}{chapter.2}% 22
\BOOKMARK [2][-]{subsection.2.4.1}{Paradigma orientado a servicios}{section.2.4}% 23
\BOOKMARK [2][-]{subsection.2.4.2}{Patrones arquitect\363nicos}{section.2.4}% 24
\BOOKMARK [2][-]{subsection.2.4.3}{Patrones de dise\361o}{section.2.4}% 25
\BOOKMARK [1][-]{section.2.5}{Base de datos}{chapter.2}% 26
\BOOKMARK [2][-]{subsection.2.5.1}{Definici\363n y objetivo}{section.2.5}% 27
\BOOKMARK [2][-]{subsection.2.5.2}{Tipos de bases de datos}{section.2.5}% 28
\BOOKMARK [1][-]{section.2.6}{Lenguajes y tecnolog\355as}{chapter.2}% 29
\BOOKMARK [2][-]{subsection.2.6.1}{Sistema Android}{section.2.6}% 30
\BOOKMARK [2][-]{subsection.2.6.2}{Java}{section.2.6}% 31
\BOOKMARK [2][-]{subsection.2.6.3}{XML}{section.2.6}% 32
\BOOKMARK [2][-]{subsection.2.6.4}{Formato JSON}{section.2.6}% 33
\BOOKMARK [2][-]{subsection.2.6.5}{HTML}{section.2.6}% 34
\BOOKMARK [1][-]{section.2.7}{Comentarios finales}{chapter.2}% 35
\BOOKMARK [0][-]{chapter.3}{An\341lisis y Dise\361o del Sistema}{}% 36
\BOOKMARK [1][-]{section.3.1}{Requerimientos de desarrollo}{chapter.3}% 37
\BOOKMARK [1][-]{section.3.2}{Abstracci\363n del modelo de datos}{chapter.3}% 38
\BOOKMARK [1][-]{section.3.3}{M\363dulos principales del sistema}{chapter.3}% 39
\BOOKMARK [2][-]{subsection.3.3.1}{Recolecci\363n de datos geogr\341ficos}{section.3.3}% 40
\BOOKMARK [2][-]{subsection.3.3.2}{L\363gica del servidor}{section.3.3}% 41
\BOOKMARK [2][-]{subsection.3.3.3}{Visualizaci\363n de la informaci\363n}{section.3.3}% 42
\BOOKMARK [1][-]{section.3.4}{Comentarios finales}{chapter.3}% 43
\BOOKMARK [0][-]{chapter.4}{Implementaci\363n del M\363dulo de Visualizaci\363n \(M\363vil y Web\)}{}% 44
\BOOKMARK [1][-]{section.4.1}{Interacci\363n con el usuario final}{chapter.4}% 45
\BOOKMARK [1][-]{section.4.2}{Obtenci\363n de los datos}{chapter.4}% 46
\BOOKMARK [1][-]{section.4.3}{Arquitectura de la aplicaci\363n m\363vil}{chapter.4}% 47
\BOOKMARK [2][-]{subsection.4.3.1}{Flujo de datos basado en eventos}{section.4.3}% 48
\BOOKMARK [1][-]{section.4.4}{Implementaci\363n en el ambiente web}{chapter.4}% 49
\BOOKMARK [1][-]{section.4.5}{Implementaci\363n del m\363dulo de visualizaci\363n \(m\363vil y web\)}{chapter.4}% 50
\BOOKMARK [1][-]{section.4.6}{Comentarios finales}{chapter.4}% 51
\BOOKMARK [0][-]{chapter*.107}{Conclusiones}{}% 52
\BOOKMARK [0][-]{section*.108}{Referencias Bibliogr\341ficas}{}% 53
